<?xml version="1.0" encoding="UTF-8"?>
<coverage generated="1726160014853" clover="3.2.0">
  <project timestamp="1726160014853" name="All files">
    <metrics statements="128" coveredstatements="113" conditionals="12" coveredconditionals="6" methods="24" coveredmethods="23" elements="164" coveredelements="142" complexity="0" loc="128" ncloc="128" packages="4" files="6" classes="6"/>
    <package name="avro">
      <metrics statements="12" coveredstatements="12" conditionals="0" coveredconditionals="0" methods="3" coveredmethods="3"/>
      <file name="index.ts" path="/Users/heatherflux/dev/confluent-schema-registry-2/src/avro/index.ts">
        <metrics statements="12" coveredstatements="12" conditionals="0" coveredconditionals="0" methods="3" coveredmethods="3"/>
        <line num="1" count="1" type="stmt"/>
        <line num="3" count="1" type="stmt"/>
        <line num="8" count="1" type="stmt"/>
        <line num="16" count="4" type="stmt"/>
        <line num="25" count="2" type="stmt"/>
        <line num="26" count="1" type="stmt"/>
        <line num="27" count="1" type="stmt"/>
        <line num="29" count="1" type="stmt"/>
        <line num="37" count="2" type="stmt"/>
        <line num="38" count="1" type="stmt"/>
        <line num="39" count="1" type="stmt"/>
        <line num="41" count="1" type="stmt"/>
      </file>
    </package>
    <package name="client">
      <metrics statements="86" coveredstatements="71" conditionals="11" coveredconditionals="5" methods="16" coveredmethods="15"/>
      <file name="index.ts" path="/Users/heatherflux/dev/confluent-schema-registry-2/src/client/index.ts">
        <metrics statements="86" coveredstatements="71" conditionals="11" coveredconditionals="5" methods="16" coveredmethods="15"/>
        <line num="15" count="3" type="stmt"/>
        <line num="23" count="3" type="stmt"/>
        <line num="38" count="1" type="stmt"/>
        <line num="39" count="1" type="stmt"/>
        <line num="40" count="1" type="stmt"/>
        <line num="41" count="1" type="stmt"/>
        <line num="51" count="33" type="stmt"/>
        <line num="52" count="33" type="stmt"/>
        <line num="53" count="77" type="stmt"/>
        <line num="54" count="77" type="stmt"/>
        <line num="55" count="44" type="cond" truecount="1" falsecount="0"/>
        <line num="58" count="33" type="stmt"/>
        <line num="59" count="33" type="stmt"/>
        <line num="67" count="33" type="stmt"/>
        <line num="69" count="66" type="cond" truecount="1" falsecount="0"/>
        <line num="70" count="22" type="stmt"/>
        <line num="73" count="44" type="stmt"/>
        <line num="74" count="44" type="stmt"/>
        <line num="76" count="0" type="stmt"/>
        <line num="81" count="33" type="stmt"/>
        <line num="82" count="33" type="cond" truecount="1" falsecount="0"/>
        <line num="83" count="33" type="stmt"/>
        <line num="84" count="33" type="stmt"/>
        <line num="86" count="33" type="cond" truecount="1" falsecount="0"/>
        <line num="87" count="33" type="stmt"/>
        <line num="89" count="33" type="stmt"/>
        <line num="100" count="3" type="stmt"/>
        <line num="101" count="3" type="stmt"/>
        <line num="109" count="3" type="stmt"/>
        <line num="111" count="1" type="cond" truecount="0" falsecount="1"/>
        <line num="112" count="0" type="stmt"/>
        <line num="113" count="0" type="stmt"/>
        <line num="116" count="1" type="stmt"/>
        <line num="124" count="3" type="stmt"/>
        <line num="125" count="3" type="stmt"/>
        <line num="130" count="3" type="stmt"/>
        <line num="132" count="1" type="cond" truecount="0" falsecount="1"/>
        <line num="133" count="0" type="stmt"/>
        <line num="134" count="0" type="stmt"/>
        <line num="137" count="1" type="stmt"/>
        <line num="146" count="3" type="stmt"/>
        <line num="147" count="3" type="stmt"/>
        <line num="151" count="3" type="stmt"/>
        <line num="152" count="1" type="stmt"/>
        <line num="160" count="0" type="stmt"/>
        <line num="161" count="0" type="stmt"/>
        <line num="165" count="0" type="stmt"/>
        <line num="166" count="0" type="stmt"/>
        <line num="175" count="3" type="stmt"/>
        <line num="176" count="3" type="stmt"/>
        <line num="180" count="3" type="stmt"/>
        <line num="181" count="1" type="stmt"/>
        <line num="189" count="3" type="stmt"/>
        <line num="190" count="3" type="stmt"/>
        <line num="194" count="3" type="stmt"/>
        <line num="196" count="1" type="cond" truecount="0" falsecount="1"/>
        <line num="197" count="0" type="stmt"/>
        <line num="198" count="0" type="stmt"/>
        <line num="212" count="3" type="stmt"/>
        <line num="213" count="3" type="stmt"/>
        <line num="218" count="3" type="stmt"/>
        <line num="219" count="1" type="stmt"/>
        <line num="226" count="3" type="stmt"/>
        <line num="227" count="3" type="stmt"/>
        <line num="231" count="3" type="stmt"/>
        <line num="232" count="1" type="stmt"/>
        <line num="240" count="3" type="stmt"/>
        <line num="241" count="3" type="stmt"/>
        <line num="246" count="3" type="stmt"/>
        <line num="248" count="1" type="cond" truecount="0" falsecount="1"/>
        <line num="249" count="0" type="stmt"/>
        <line num="250" count="0" type="stmt"/>
        <line num="261" count="3" type="stmt"/>
        <line num="262" count="3" type="stmt"/>
        <line num="266" count="3" type="stmt"/>
        <line num="267" count="1" type="stmt"/>
        <line num="275" count="3" type="stmt"/>
        <line num="276" count="3" type="stmt"/>
        <line num="282" count="3" type="stmt"/>
        <line num="284" count="1" type="cond" truecount="0" falsecount="1"/>
        <line num="285" count="0" type="stmt"/>
        <line num="286" count="0" type="stmt"/>
        <line num="296" count="3" type="stmt"/>
        <line num="297" count="3" type="stmt"/>
        <line num="301" count="3" type="stmt"/>
        <line num="302" count="1" type="stmt"/>
      </file>
    </package>
    <package name="protobuf">
      <metrics statements="18" coveredstatements="18" conditionals="1" coveredconditionals="1" methods="3" coveredmethods="3"/>
      <file name="index.ts" path="/Users/heatherflux/dev/confluent-schema-registry-2/src/protobuf/index.ts">
        <metrics statements="18" coveredstatements="18" conditionals="1" coveredconditionals="1" methods="3" coveredmethods="3"/>
        <line num="1" count="1" type="stmt"/>
        <line num="2" count="1" type="stmt"/>
        <line num="8" count="1" type="stmt"/>
        <line num="16" count="4" type="stmt"/>
        <line num="27" count="2" type="stmt"/>
        <line num="28" count="2" type="stmt"/>
        <line num="29" count="2" type="stmt"/>
        <line num="30" count="2" type="stmt"/>
        <line num="31" count="2" type="stmt"/>
        <line num="32" count="2" type="cond" truecount="1" falsecount="0"/>
        <line num="34" count="1" type="stmt"/>
        <line num="35" count="1" type="stmt"/>
        <line num="37" count="1" type="stmt"/>
        <line num="46" count="2" type="stmt"/>
        <line num="47" count="1" type="stmt"/>
        <line num="48" count="1" type="stmt"/>
        <line num="49" count="1" type="stmt"/>
        <line num="51" count="1" type="stmt"/>
      </file>
    </package>
    <package name="wire">
      <metrics statements="12" coveredstatements="12" conditionals="0" coveredconditionals="0" methods="2" coveredmethods="2"/>
      <file name="decode.ts" path="/Users/heatherflux/dev/confluent-schema-registry-2/src/wire/decode.ts">
        <metrics statements="5" coveredstatements="5" conditionals="0" coveredconditionals="0" methods="1" coveredmethods="1"/>
        <line num="6" count="3" type="stmt"/>
        <line num="11" count="3" type="stmt"/>
        <line num="12" count="3" type="stmt"/>
        <line num="13" count="2" type="stmt"/>
        <line num="15" count="2" type="stmt"/>
      </file>
      <file name="encode.ts" path="/Users/heatherflux/dev/confluent-schema-registry-2/src/wire/encode.ts">
        <metrics statements="5" coveredstatements="5" conditionals="0" coveredconditionals="0" methods="1" coveredmethods="1"/>
        <line num="1" count="3" type="stmt"/>
        <line num="9" count="3" type="stmt"/>
        <line num="10" count="2" type="stmt"/>
        <line num="11" count="2" type="stmt"/>
        <line num="13" count="2" type="stmt"/>
      </file>
      <file name="index.ts" path="/Users/heatherflux/dev/confluent-schema-registry-2/src/wire/index.ts">
        <metrics statements="2" coveredstatements="2" conditionals="0" coveredconditionals="0" methods="0" coveredmethods="0"/>
        <line num="1" count="3" type="stmt"/>
        <line num="2" count="3" type="stmt"/>
      </file>
    </package>
  </project>
</coverage>
