{"/Users/heatherflux/dev/confluent-schema-registry-2/src/avro/index.ts": {"path":"/Users/heatherflux/dev/confluent-schema-registry-2/src/avro/index.ts","statementMap":{"0":{"start":{"line":1,"column":0},"end":{"line":1,"column":28}},"1":{"start":{"line":3,"column":0},"end":{"line":3,"column":40}},"2":{"start":{"line":16,"column":4},"end":{"line":16,"column":null}},"3":{"start":{"line":25,"column":19},"end":{"line":25,"column":78}},"4":{"start":{"line":26,"column":21},"end":{"line":26,"column":55}},"5":{"start":{"line":27,"column":30},"end":{"line":27,"column":56}},"6":{"start":{"line":29,"column":4},"end":{"line":29,"column":null}},"7":{"start":{"line":37,"column":36},"end":{"line":37,"column":50}},"8":{"start":{"line":38,"column":19},"end":{"line":38,"column":76}},"9":{"start":{"line":39,"column":21},"end":{"line":39,"column":55}},"10":{"start":{"line":41,"column":4},"end":{"line":41,"column":null}},"11":{"start":{"line":8,"column":0},"end":{"line":8,"column":13}}},"fnMap":{"0":{"name":"(anonymous_6)","decl":{"start":{"line":15,"column":2},"end":{"line":15,"column":14}},"loc":{"start":{"line":15,"column":56},"end":{"line":17,"column":3}}},"1":{"name":"(anonymous_7)","decl":{"start":{"line":24,"column":9},"end":{"line":24,"column":14}},"loc":{"start":{"line":24,"column":61},"end":{"line":30,"column":3}}},"2":{"name":"(anonymous_8)","decl":{"start":{"line":36,"column":9},"end":{"line":36,"column":14}},"loc":{"start":{"line":36,"column":43},"end":{"line":42,"column":3}}}},"branchMap":{},"s":{"0":1,"1":1,"2":4,"3":2,"4":1,"5":1,"6":1,"7":2,"8":1,"9":1,"10":1,"11":1},"f":{"0":4,"1":2,"2":2},"b":{}}
,"/Users/heatherflux/dev/confluent-schema-registry-2/src/client/index.ts": {"path":"/Users/heatherflux/dev/confluent-schema-registry-2/src/client/index.ts","statementMap":{"0":{"start":{"line":15,"column":36},"end":{"line":18,"column":null}},"1":{"start":{"line":38,"column":4},"end":{"line":38,"column":null}},"2":{"start":{"line":39,"column":4},"end":{"line":39,"column":null}},"3":{"start":{"line":40,"column":4},"end":{"line":40,"column":null}},"4":{"start":{"line":41,"column":4},"end":{"line":41,"column":null}},"5":{"start":{"line":51,"column":18},"end":{"line":51,"column":19}},"6":{"start":{"line":52,"column":4},"end":{"line":75,"column":5}},"7":{"start":{"line":53,"column":6},"end":{"line":72,"column":7}},"8":{"start":{"line":54,"column":25},"end":{"line":54,"column":50}},"9":{"start":{"line":55,"column":8},"end":{"line":55,"column":null}},"10":{"start":{"line":55,"column":25},"end":{"line":55,"column":null}},"11":{"start":{"line":58,"column":26},"end":{"line":58,"column":47}},"12":{"start":{"line":59,"column":8},"end":{"line":64,"column":null}},"13":{"start":{"line":67,"column":8},"end":{"line":67,"column":null}},"14":{"start":{"line":69,"column":8},"end":{"line":71,"column":9}},"15":{"start":{"line":70,"column":10},"end":{"line":70,"column":null}},"16":{"start":{"line":73,"column":6},"end":{"line":73,"column":null}},"17":{"start":{"line":74,"column":6},"end":{"line":74,"column":null}},"18":{"start":{"line":74,"column":37},"end":{"line":74,"column":79}},"19":{"start":{"line":76,"column":4},"end":{"line":76,"column":null}},"20":{"start":{"line":81,"column":33},"end":{"line":81,"column":71}},"21":{"start":{"line":82,"column":4},"end":{"line":85,"column":5}},"22":{"start":{"line":83,"column":24},"end":{"line":83,"column":101}},"23":{"start":{"line":84,"column":6},"end":{"line":84,"column":null}},"24":{"start":{"line":86,"column":4},"end":{"line":88,"column":5}},"25":{"start":{"line":87,"column":6},"end":{"line":87,"column":null}},"26":{"start":{"line":89,"column":4},"end":{"line":89,"column":null}},"27":{"start":{"line":100,"column":16},"end":{"line":100,"column":59}},"28":{"start":{"line":101,"column":33},"end":{"line":107,"column":null}},"29":{"start":{"line":109,"column":21},"end":{"line":109,"column":60}},"30":{"start":{"line":111,"column":4},"end":{"line":114,"column":5}},"31":{"start":{"line":112,"column":24},"end":{"line":112,"column":45}},"32":{"start":{"line":113,"column":6},"end":{"line":113,"column":null}},"33":{"start":{"line":116,"column":4},"end":{"line":116,"column":null}},"34":{"start":{"line":124,"column":16},"end":{"line":124,"column":48}},"35":{"start":{"line":125,"column":33},"end":{"line":128,"column":null}},"36":{"start":{"line":130,"column":21},"end":{"line":130,"column":60}},"37":{"start":{"line":132,"column":4},"end":{"line":135,"column":5}},"38":{"start":{"line":133,"column":24},"end":{"line":133,"column":45}},"39":{"start":{"line":134,"column":6},"end":{"line":134,"column":null}},"40":{"start":{"line":137,"column":4},"end":{"line":137,"column":null}},"41":{"start":{"line":146,"column":16},"end":{"line":146,"column":70}},"42":{"start":{"line":147,"column":33},"end":{"line":150,"column":null}},"43":{"start":{"line":151,"column":21},"end":{"line":151,"column":60}},"44":{"start":{"line":152,"column":4},"end":{"line":152,"column":null}},"45":{"start":{"line":160,"column":16},"end":{"line":160,"column":59}},"46":{"start":{"line":161,"column":33},"end":{"line":164,"column":null}},"47":{"start":{"line":165,"column":21},"end":{"line":165,"column":60}},"48":{"start":{"line":166,"column":4},"end":{"line":166,"column":null}},"49":{"start":{"line":175,"column":16},"end":{"line":175,"column":39}},"50":{"start":{"line":176,"column":33},"end":{"line":179,"column":null}},"51":{"start":{"line":180,"column":21},"end":{"line":180,"column":60}},"52":{"start":{"line":181,"column":4},"end":{"line":181,"column":null}},"53":{"start":{"line":189,"column":16},"end":{"line":189,"column":50}},"54":{"start":{"line":190,"column":33},"end":{"line":193,"column":null}},"55":{"start":{"line":194,"column":21},"end":{"line":194,"column":60}},"56":{"start":{"line":196,"column":4},"end":{"line":199,"column":5}},"57":{"start":{"line":197,"column":24},"end":{"line":197,"column":45}},"58":{"start":{"line":198,"column":6},"end":{"line":198,"column":null}},"59":{"start":{"line":212,"column":16},"end":{"line":212,"column":84}},"60":{"start":{"line":213,"column":33},"end":{"line":217,"column":null}},"61":{"start":{"line":218,"column":21},"end":{"line":218,"column":60}},"62":{"start":{"line":219,"column":4},"end":{"line":219,"column":null}},"63":{"start":{"line":226,"column":16},"end":{"line":226,"column":37}},"64":{"start":{"line":227,"column":33},"end":{"line":230,"column":null}},"65":{"start":{"line":231,"column":21},"end":{"line":231,"column":60}},"66":{"start":{"line":232,"column":4},"end":{"line":232,"column":null}},"67":{"start":{"line":240,"column":16},"end":{"line":240,"column":37}},"68":{"start":{"line":241,"column":33},"end":{"line":245,"column":null}},"69":{"start":{"line":246,"column":21},"end":{"line":246,"column":60}},"70":{"start":{"line":248,"column":4},"end":{"line":251,"column":5}},"71":{"start":{"line":249,"column":24},"end":{"line":249,"column":45}},"72":{"start":{"line":250,"column":6},"end":{"line":250,"column":null}},"73":{"start":{"line":261,"column":16},"end":{"line":261,"column":35}},"74":{"start":{"line":262,"column":33},"end":{"line":265,"column":null}},"75":{"start":{"line":266,"column":21},"end":{"line":266,"column":60}},"76":{"start":{"line":267,"column":4},"end":{"line":267,"column":null}},"77":{"start":{"line":275,"column":16},"end":{"line":275,"column":35}},"78":{"start":{"line":276,"column":33},"end":{"line":280,"column":null}},"79":{"start":{"line":282,"column":21},"end":{"line":282,"column":60}},"80":{"start":{"line":284,"column":4},"end":{"line":287,"column":5}},"81":{"start":{"line":285,"column":24},"end":{"line":285,"column":45}},"82":{"start":{"line":286,"column":6},"end":{"line":286,"column":null}},"83":{"start":{"line":296,"column":16},"end":{"line":296,"column":31}},"84":{"start":{"line":297,"column":33},"end":{"line":300,"column":null}},"85":{"start":{"line":301,"column":21},"end":{"line":301,"column":60}},"86":{"start":{"line":302,"column":4},"end":{"line":302,"column":null}},"87":{"start":{"line":23,"column":0},"end":{"line":23,"column":13}}},"fnMap":{"0":{"name":"(anonymous_0)","decl":{"start":{"line":37,"column":2},"end":{"line":37,"column":14}},"loc":{"start":{"line":37,"column":90},"end":{"line":42,"column":3}}},"1":{"name":"(anonymous_1)","decl":{"start":{"line":50,"column":10},"end":{"line":50,"column":15}},"loc":{"start":{"line":50,"column":64},"end":{"line":77,"column":3}}},"2":{"name":"(anonymous_2)","decl":{"start":{"line":74,"column":24},"end":{"line":74,"column":25}},"loc":{"start":{"line":74,"column":37},"end":{"line":74,"column":79}}},"3":{"name":"(anonymous_3)","decl":{"start":{"line":80,"column":10},"end":{"line":80,"column":20}},"loc":{"start":{"line":80,"column":20},"end":{"line":90,"column":3}}},"4":{"name":"(anonymous_4)","decl":{"start":{"line":99,"column":9},"end":{"line":99,"column":14}},"loc":{"start":{"line":99,"column":61},"end":{"line":117,"column":3}}},"5":{"name":"(anonymous_5)","decl":{"start":{"line":123,"column":9},"end":{"line":123,"column":14}},"loc":{"start":{"line":123,"column":39},"end":{"line":138,"column":3}}},"6":{"name":"(anonymous_6)","decl":{"start":{"line":145,"column":9},"end":{"line":145,"column":14}},"loc":{"start":{"line":145,"column":77},"end":{"line":153,"column":3}}},"7":{"name":"(anonymous_7)","decl":{"start":{"line":159,"column":9},"end":{"line":159,"column":14}},"loc":{"start":{"line":159,"column":45},"end":{"line":167,"column":3}}},"8":{"name":"(anonymous_8)","decl":{"start":{"line":174,"column":9},"end":{"line":174,"column":14}},"loc":{"start":{"line":174,"column":29},"end":{"line":182,"column":3}}},"9":{"name":"(anonymous_9)","decl":{"start":{"line":188,"column":9},"end":{"line":188,"column":14}},"loc":{"start":{"line":188,"column":44},"end":{"line":200,"column":3}}},"10":{"name":"(anonymous_10)","decl":{"start":{"line":211,"column":9},"end":{"line":211,"column":14}},"loc":{"start":{"line":211,"column":82},"end":{"line":220,"column":3}}},"11":{"name":"(anonymous_11)","decl":{"start":{"line":225,"column":9},"end":{"line":225,"column":14}},"loc":{"start":{"line":225,"column":37},"end":{"line":233,"column":3}}},"12":{"name":"(anonymous_12)","decl":{"start":{"line":239,"column":9},"end":{"line":239,"column":14}},"loc":{"start":{"line":239,"column":51},"end":{"line":252,"column":3}}},"13":{"name":"(anonymous_13)","decl":{"start":{"line":260,"column":9},"end":{"line":260,"column":14}},"loc":{"start":{"line":260,"column":22},"end":{"line":268,"column":3}}},"14":{"name":"(anonymous_14)","decl":{"start":{"line":274,"column":9},"end":{"line":274,"column":14}},"loc":{"start":{"line":274,"column":35},"end":{"line":288,"column":3}}},"15":{"name":"(anonymous_15)","decl":{"start":{"line":295,"column":9},"end":{"line":295,"column":14}},"loc":{"start":{"line":295,"column":28},"end":{"line":303,"column":3}}}},"branchMap":{"0":{"loc":{"start":{"line":37,"column":38},"end":{"line":37,"column":59}},"type":"default-arg","locations":[{"start":{"line":37,"column":46},"end":{"line":37,"column":59}}]},"1":{"loc":{"start":{"line":55,"column":8},"end":{"line":55,"column":null}},"type":"if","locations":[{"start":{"line":55,"column":8},"end":{"line":55,"column":null}}]},"2":{"loc":{"start":{"line":69,"column":8},"end":{"line":71,"column":9}},"type":"if","locations":[{"start":{"line":69,"column":8},"end":{"line":71,"column":9}}]},"3":{"loc":{"start":{"line":82,"column":4},"end":{"line":85,"column":5}},"type":"if","locations":[{"start":{"line":82,"column":4},"end":{"line":85,"column":5}}]},"4":{"loc":{"start":{"line":86,"column":4},"end":{"line":88,"column":5}},"type":"if","locations":[{"start":{"line":86,"column":4},"end":{"line":88,"column":5}}]},"5":{"loc":{"start":{"line":111,"column":4},"end":{"line":114,"column":5}},"type":"if","locations":[{"start":{"line":111,"column":4},"end":{"line":114,"column":5}}]},"6":{"loc":{"start":{"line":132,"column":4},"end":{"line":135,"column":5}},"type":"if","locations":[{"start":{"line":132,"column":4},"end":{"line":135,"column":5}}]},"7":{"loc":{"start":{"line":145,"column":51},"end":{"line":145,"column":77}},"type":"default-arg","locations":[{"start":{"line":145,"column":69},"end":{"line":145,"column":77}}]},"8":{"loc":{"start":{"line":196,"column":4},"end":{"line":199,"column":5}},"type":"if","locations":[{"start":{"line":196,"column":4},"end":{"line":199,"column":5}}]},"9":{"loc":{"start":{"line":248,"column":4},"end":{"line":251,"column":5}},"type":"if","locations":[{"start":{"line":248,"column":4},"end":{"line":251,"column":5}}]},"10":{"loc":{"start":{"line":284,"column":4},"end":{"line":287,"column":5}},"type":"if","locations":[{"start":{"line":284,"column":4},"end":{"line":287,"column":5}}]}},"s":{"0":3,"1":1,"2":1,"3":1,"4":1,"5":33,"6":33,"7":77,"8":77,"9":44,"10":11,"11":33,"12":33,"13":33,"14":66,"15":22,"16":44,"17":44,"18":44,"19":0,"20":33,"21":33,"22":33,"23":33,"24":33,"25":33,"26":33,"27":3,"28":3,"29":3,"30":1,"31":0,"32":0,"33":1,"34":3,"35":3,"36":3,"37":1,"38":0,"39":0,"40":1,"41":3,"42":3,"43":3,"44":1,"45":0,"46":0,"47":0,"48":0,"49":3,"50":3,"51":3,"52":1,"53":3,"54":3,"55":3,"56":1,"57":0,"58":0,"59":3,"60":3,"61":3,"62":1,"63":3,"64":3,"65":3,"66":1,"67":3,"68":3,"69":3,"70":1,"71":0,"72":0,"73":3,"74":3,"75":3,"76":1,"77":3,"78":3,"79":3,"80":1,"81":0,"82":0,"83":3,"84":3,"85":3,"86":1,"87":3},"f":{"0":1,"1":33,"2":44,"3":33,"4":3,"5":3,"6":3,"7":0,"8":3,"9":3,"10":3,"11":3,"12":3,"13":3,"14":3,"15":3},"b":{"0":[1],"1":[11],"2":[22],"3":[33],"4":[33],"5":[0],"6":[0],"7":[0],"8":[0],"9":[0],"10":[0]}}
,"/Users/heatherflux/dev/confluent-schema-registry-2/src/protobuf/index.ts": {"path":"/Users/heatherflux/dev/confluent-schema-registry-2/src/protobuf/index.ts","statementMap":{"0":{"start":{"line":1,"column":0},"end":{"line":1,"column":42}},"1":{"start":{"line":2,"column":0},"end":{"line":2,"column":40}},"2":{"start":{"line":16,"column":4},"end":{"line":16,"column":null}},"3":{"start":{"line":27,"column":16},"end":{"line":27,"column":75}},"4":{"start":{"line":28,"column":19},"end":{"line":28,"column":41}},"5":{"start":{"line":29,"column":17},"end":{"line":29,"column":38}},"6":{"start":{"line":30,"column":24},"end":{"line":30,"column":52}},"7":{"start":{"line":31,"column":19},"end":{"line":31,"column":46}},"8":{"start":{"line":32,"column":4},"end":{"line":32,"column":null}},"9":{"start":{"line":32,"column":16},"end":{"line":32,"column":null}},"10":{"start":{"line":34,"column":20},"end":{"line":34,"column":47}},"11":{"start":{"line":35,"column":30},"end":{"line":35,"column":66}},"12":{"start":{"line":37,"column":4},"end":{"line":37,"column":61}},"13":{"start":{"line":46,"column":36},"end":{"line":46,"column":50}},"14":{"start":{"line":47,"column":16},"end":{"line":47,"column":73}},"15":{"start":{"line":48,"column":17},"end":{"line":48,"column":54}},"16":{"start":{"line":49,"column":24},"end":{"line":49,"column":52}},"17":{"start":{"line":51,"column":4},"end":{"line":51,"column":39}},"18":{"start":{"line":8,"column":0},"end":{"line":8,"column":13}}},"fnMap":{"0":{"name":"(anonymous_0)","decl":{"start":{"line":15,"column":2},"end":{"line":15,"column":14}},"loc":{"start":{"line":15,"column":56},"end":{"line":17,"column":3}}},"1":{"name":"(anonymous_1)","decl":{"start":{"line":26,"column":9},"end":{"line":26,"column":14}},"loc":{"start":{"line":26,"column":61},"end":{"line":38,"column":3}}},"2":{"name":"(anonymous_2)","decl":{"start":{"line":45,"column":9},"end":{"line":45,"column":14}},"loc":{"start":{"line":45,"column":43},"end":{"line":52,"column":3}}}},"branchMap":{"0":{"loc":{"start":{"line":32,"column":4},"end":{"line":32,"column":null}},"type":"if","locations":[{"start":{"line":32,"column":4},"end":{"line":32,"column":null}}]}},"s":{"0":1,"1":1,"2":4,"3":2,"4":2,"5":2,"6":2,"7":2,"8":2,"9":1,"10":1,"11":1,"12":1,"13":2,"14":1,"15":1,"16":1,"17":1,"18":1},"f":{"0":4,"1":2,"2":2},"b":{"0":[1]}}
,"/Users/heatherflux/dev/confluent-schema-registry-2/src/wire/decode.ts": {"path":"/Users/heatherflux/dev/confluent-schema-registry-2/src/wire/decode.ts","statementMap":{"0":{"start":{"line":6,"column":0},"end":{"line":6,"column":16}},"1":{"start":{"line":11,"column":20},"end":{"line":11,"column":39}},"2":{"start":{"line":12,"column":21},"end":{"line":12,"column":43}},"3":{"start":{"line":13,"column":18},"end":{"line":13,"column":36}},"4":{"start":{"line":15,"column":2},"end":{"line":15,"column":null}}},"fnMap":{"0":{"name":"decode","decl":{"start":{"line":6,"column":16},"end":{"line":6,"column":22}},"loc":{"start":{"line":6,"column":37},"end":{"line":16,"column":1}}}},"branchMap":{},"s":{"0":3,"1":3,"2":3,"3":2,"4":2},"f":{"0":3},"b":{}}
,"/Users/heatherflux/dev/confluent-schema-registry-2/src/wire/encode.ts": {"path":"/Users/heatherflux/dev/confluent-schema-registry-2/src/wire/encode.ts","statementMap":{"0":{"start":{"line":9,"column":0},"end":{"line":9,"column":16}},"1":{"start":{"line":1,"column":19},"end":{"line":1,"column":34}},"2":{"start":{"line":10,"column":27},"end":{"line":10,"column":42}},"3":{"start":{"line":11,"column":2},"end":{"line":11,"column":null}},"4":{"start":{"line":13,"column":2},"end":{"line":13,"column":null}}},"fnMap":{"0":{"name":"encode","decl":{"start":{"line":9,"column":16},"end":{"line":9,"column":22}},"loc":{"start":{"line":9,"column":58},"end":{"line":14,"column":1}}}},"branchMap":{},"s":{"0":3,"1":3,"2":2,"3":2,"4":2},"f":{"0":2},"b":{}}
,"/Users/heatherflux/dev/confluent-schema-registry-2/src/wire/index.ts": {"path":"/Users/heatherflux/dev/confluent-schema-registry-2/src/wire/index.ts","statementMap":{"0":{"start":{"line":1,"column":0},"end":{"line":1,"column":24}},"1":{"start":{"line":2,"column":0},"end":{"line":2,"column":24}}},"fnMap":{},"branchMap":{},"s":{"0":3,"1":3},"f":{},"b":{}}
}
