{"/Users/heathernelson/dev/confluent-schema-registry-client/src/avro/index.ts": {"path":"/Users/heathernelson/dev/confluent-schema-registry-client/src/avro/index.ts","statementMap":{"0":{"start":{"line":1,"column":0},"end":{"line":1,"column":29}},"1":{"start":{"line":3,"column":0},"end":{"line":3,"column":41}},"2":{"start":{"line":9,"column":4},"end":{"line":9,"column":53}},"3":{"start":{"line":13,"column":19},"end":{"line":13,"column":78}},"4":{"start":{"line":14,"column":21},"end":{"line":14,"column":55}},"5":{"start":{"line":15,"column":30},"end":{"line":15,"column":56}},"6":{"start":{"line":17,"column":4},"end":{"line":17,"column":48}},"7":{"start":{"line":21,"column":36},"end":{"line":21,"column":50}},"8":{"start":{"line":22,"column":19},"end":{"line":22,"column":76}},"9":{"start":{"line":23,"column":21},"end":{"line":23,"column":55}},"10":{"start":{"line":25,"column":4},"end":{"line":25,"column":40}},"11":{"start":{"line":5,"column":0},"end":{"line":5,"column":13}},"12":{"start":{"line":29,"column":0},"end":{"line":29,"column":26}}},"fnMap":{"0":{"name":"(anonymous_6)","decl":{"start":{"line":8,"column":2},"end":{"line":8,"column":14}},"loc":{"start":{"line":8,"column":56},"end":{"line":10,"column":3}}},"1":{"name":"(anonymous_7)","decl":{"start":{"line":12,"column":9},"end":{"line":12,"column":14}},"loc":{"start":{"line":12,"column":61},"end":{"line":18,"column":3}}},"2":{"name":"(anonymous_8)","decl":{"start":{"line":20,"column":9},"end":{"line":20,"column":14}},"loc":{"start":{"line":20,"column":43},"end":{"line":26,"column":3}}}},"branchMap":{},"s":{"0":1,"1":1,"2":1,"3":0,"4":0,"5":0,"6":0,"7":0,"8":0,"9":0,"10":0,"11":1,"12":1},"f":{"0":1,"1":0,"2":0},"b":{}}
,"/Users/heathernelson/dev/confluent-schema-registry-client/src/client/index.ts": {"path":"/Users/heathernelson/dev/confluent-schema-registry-client/src/client/index.ts","statementMap":{"0":{"start":{"line":13,"column":36},"end":{"line":16,"column":2}},"1":{"start":{"line":25,"column":4},"end":{"line":25,"column":21}},"2":{"start":{"line":26,"column":4},"end":{"line":26,"column":21}},"3":{"start":{"line":27,"column":4},"end":{"line":27,"column":29}},"4":{"start":{"line":28,"column":4},"end":{"line":28,"column":48}},"5":{"start":{"line":32,"column":18},"end":{"line":32,"column":19}},"6":{"start":{"line":33,"column":4},"end":{"line":45,"column":5}},"7":{"start":{"line":34,"column":6},"end":{"line":42,"column":7}},"8":{"start":{"line":35,"column":25},"end":{"line":35,"column":50}},"9":{"start":{"line":36,"column":8},"end":{"line":36,"column":41}},"10":{"start":{"line":36,"column":25},"end":{"line":36,"column":41}},"11":{"start":{"line":37,"column":8},"end":{"line":37,"column":81}},"12":{"start":{"line":39,"column":8},"end":{"line":41,"column":9}},"13":{"start":{"line":40,"column":10},"end":{"line":40,"column":107}},"14":{"start":{"line":43,"column":6},"end":{"line":43,"column":16}},"15":{"start":{"line":44,"column":6},"end":{"line":44,"column":79}},"16":{"start":{"line":44,"column":35},"end":{"line":44,"column":77}},"17":{"start":{"line":46,"column":4},"end":{"line":46,"column":83}},"18":{"start":{"line":50,"column":33},"end":{"line":50,"column":71}},"19":{"start":{"line":51,"column":4},"end":{"line":54,"column":5}},"20":{"start":{"line":52,"column":24},"end":{"line":52,"column":101}},"21":{"start":{"line":53,"column":6},"end":{"line":53,"column":54}},"22":{"start":{"line":55,"column":4},"end":{"line":57,"column":5}},"23":{"start":{"line":56,"column":6},"end":{"line":56,"column":43}},"24":{"start":{"line":58,"column":4},"end":{"line":58,"column":19}},"25":{"start":{"line":64,"column":16},"end":{"line":64,"column":59}},"26":{"start":{"line":65,"column":33},"end":{"line":69,"column":6}},"27":{"start":{"line":70,"column":21},"end":{"line":70,"column":60}},"28":{"start":{"line":71,"column":4},"end":{"line":71,"column":27}},"29":{"start":{"line":75,"column":16},"end":{"line":75,"column":48}},"30":{"start":{"line":76,"column":33},"end":{"line":79,"column":6}},"31":{"start":{"line":80,"column":21},"end":{"line":80,"column":60}},"32":{"start":{"line":81,"column":4},"end":{"line":81,"column":27}},"33":{"start":{"line":85,"column":16},"end":{"line":85,"column":70}},"34":{"start":{"line":86,"column":33},"end":{"line":89,"column":6}},"35":{"start":{"line":90,"column":21},"end":{"line":90,"column":60}},"36":{"start":{"line":91,"column":4},"end":{"line":91,"column":27}},"37":{"start":{"line":95,"column":16},"end":{"line":95,"column":59}},"38":{"start":{"line":96,"column":33},"end":{"line":99,"column":6}},"39":{"start":{"line":100,"column":21},"end":{"line":100,"column":60}},"40":{"start":{"line":101,"column":4},"end":{"line":101,"column":27}},"41":{"start":{"line":107,"column":16},"end":{"line":107,"column":39}},"42":{"start":{"line":108,"column":33},"end":{"line":111,"column":6}},"43":{"start":{"line":112,"column":21},"end":{"line":112,"column":60}},"44":{"start":{"line":113,"column":4},"end":{"line":113,"column":27}},"45":{"start":{"line":117,"column":16},"end":{"line":117,"column":50}},"46":{"start":{"line":118,"column":33},"end":{"line":121,"column":6}},"47":{"start":{"line":122,"column":21},"end":{"line":122,"column":60}},"48":{"start":{"line":123,"column":4},"end":{"line":123,"column":27}},"49":{"start":{"line":129,"column":16},"end":{"line":129,"column":84}},"50":{"start":{"line":130,"column":33},"end":{"line":134,"column":6}},"51":{"start":{"line":135,"column":21},"end":{"line":135,"column":60}},"52":{"start":{"line":136,"column":4},"end":{"line":136,"column":27}},"53":{"start":{"line":140,"column":16},"end":{"line":140,"column":37}},"54":{"start":{"line":141,"column":33},"end":{"line":144,"column":6}},"55":{"start":{"line":145,"column":21},"end":{"line":145,"column":60}},"56":{"start":{"line":146,"column":4},"end":{"line":146,"column":27}},"57":{"start":{"line":150,"column":16},"end":{"line":150,"column":37}},"58":{"start":{"line":151,"column":33},"end":{"line":155,"column":6}},"59":{"start":{"line":156,"column":21},"end":{"line":156,"column":60}},"60":{"start":{"line":157,"column":4},"end":{"line":157,"column":27}},"61":{"start":{"line":161,"column":16},"end":{"line":161,"column":48}},"62":{"start":{"line":162,"column":33},"end":{"line":165,"column":6}},"63":{"start":{"line":166,"column":21},"end":{"line":166,"column":60}},"64":{"start":{"line":167,"column":4},"end":{"line":167,"column":27}},"65":{"start":{"line":171,"column":16},"end":{"line":171,"column":48}},"66":{"start":{"line":172,"column":33},"end":{"line":176,"column":6}},"67":{"start":{"line":177,"column":21},"end":{"line":177,"column":60}},"68":{"start":{"line":178,"column":4},"end":{"line":178,"column":27}},"69":{"start":{"line":184,"column":16},"end":{"line":184,"column":35}},"70":{"start":{"line":185,"column":33},"end":{"line":188,"column":6}},"71":{"start":{"line":189,"column":21},"end":{"line":189,"column":60}},"72":{"start":{"line":190,"column":4},"end":{"line":190,"column":27}},"73":{"start":{"line":194,"column":16},"end":{"line":194,"column":35}},"74":{"start":{"line":195,"column":33},"end":{"line":199,"column":6}},"75":{"start":{"line":200,"column":21},"end":{"line":200,"column":60}},"76":{"start":{"line":201,"column":4},"end":{"line":201,"column":27}},"77":{"start":{"line":205,"column":16},"end":{"line":205,"column":46}},"78":{"start":{"line":206,"column":33},"end":{"line":209,"column":6}},"79":{"start":{"line":210,"column":21},"end":{"line":210,"column":60}},"80":{"start":{"line":211,"column":4},"end":{"line":211,"column":27}},"81":{"start":{"line":215,"column":16},"end":{"line":215,"column":46}},"82":{"start":{"line":216,"column":33},"end":{"line":220,"column":6}},"83":{"start":{"line":221,"column":21},"end":{"line":221,"column":60}},"84":{"start":{"line":222,"column":4},"end":{"line":222,"column":27}},"85":{"start":{"line":227,"column":16},"end":{"line":227,"column":31}},"86":{"start":{"line":228,"column":33},"end":{"line":231,"column":6}},"87":{"start":{"line":232,"column":21},"end":{"line":232,"column":60}},"88":{"start":{"line":233,"column":4},"end":{"line":233,"column":27}},"89":{"start":{"line":18,"column":0},"end":{"line":18,"column":13}},"90":{"start":{"line":237,"column":0},"end":{"line":237,"column":36}}},"fnMap":{"0":{"name":"(anonymous_0)","decl":{"start":{"line":24,"column":2},"end":{"line":24,"column":14}},"loc":{"start":{"line":24,"column":90},"end":{"line":29,"column":3}}},"1":{"name":"(anonymous_1)","decl":{"start":{"line":31,"column":10},"end":{"line":31,"column":15}},"loc":{"start":{"line":31,"column":64},"end":{"line":47,"column":3}}},"2":{"name":"(anonymous_2)","decl":{"start":{"line":44,"column":24},"end":{"line":44,"column":31}},"loc":{"start":{"line":44,"column":35},"end":{"line":44,"column":77}}},"3":{"name":"(anonymous_3)","decl":{"start":{"line":49,"column":10},"end":{"line":49,"column":20}},"loc":{"start":{"line":49,"column":20},"end":{"line":59,"column":3}}},"4":{"name":"(anonymous_4)","decl":{"start":{"line":63,"column":9},"end":{"line":63,"column":14}},"loc":{"start":{"line":63,"column":61},"end":{"line":72,"column":3}}},"5":{"name":"(anonymous_5)","decl":{"start":{"line":74,"column":9},"end":{"line":74,"column":14}},"loc":{"start":{"line":74,"column":39},"end":{"line":82,"column":3}}},"6":{"name":"(anonymous_6)","decl":{"start":{"line":84,"column":9},"end":{"line":84,"column":14}},"loc":{"start":{"line":84,"column":77},"end":{"line":92,"column":3}}},"7":{"name":"(anonymous_7)","decl":{"start":{"line":94,"column":9},"end":{"line":94,"column":14}},"loc":{"start":{"line":94,"column":45},"end":{"line":102,"column":3}}},"8":{"name":"(anonymous_8)","decl":{"start":{"line":106,"column":9},"end":{"line":106,"column":14}},"loc":{"start":{"line":106,"column":29},"end":{"line":114,"column":3}}},"9":{"name":"(anonymous_9)","decl":{"start":{"line":116,"column":9},"end":{"line":116,"column":14}},"loc":{"start":{"line":116,"column":44},"end":{"line":124,"column":3}}},"10":{"name":"(anonymous_10)","decl":{"start":{"line":128,"column":9},"end":{"line":128,"column":14}},"loc":{"start":{"line":128,"column":82},"end":{"line":137,"column":3}}},"11":{"name":"(anonymous_11)","decl":{"start":{"line":139,"column":9},"end":{"line":139,"column":14}},"loc":{"start":{"line":139,"column":37},"end":{"line":147,"column":3}}},"12":{"name":"(anonymous_12)","decl":{"start":{"line":149,"column":9},"end":{"line":149,"column":14}},"loc":{"start":{"line":149,"column":51},"end":{"line":158,"column":3}}},"13":{"name":"(anonymous_13)","decl":{"start":{"line":160,"column":9},"end":{"line":160,"column":14}},"loc":{"start":{"line":160,"column":54},"end":{"line":168,"column":3}}},"14":{"name":"(anonymous_14)","decl":{"start":{"line":170,"column":9},"end":{"line":170,"column":14}},"loc":{"start":{"line":170,"column":69},"end":{"line":179,"column":3}}},"15":{"name":"(anonymous_15)","decl":{"start":{"line":183,"column":9},"end":{"line":183,"column":14}},"loc":{"start":{"line":183,"column":22},"end":{"line":191,"column":3}}},"16":{"name":"(anonymous_16)","decl":{"start":{"line":193,"column":9},"end":{"line":193,"column":14}},"loc":{"start":{"line":193,"column":35},"end":{"line":202,"column":3}}},"17":{"name":"(anonymous_17)","decl":{"start":{"line":204,"column":9},"end":{"line":204,"column":14}},"loc":{"start":{"line":204,"column":45},"end":{"line":212,"column":3}}},"18":{"name":"(anonymous_18)","decl":{"start":{"line":214,"column":9},"end":{"line":214,"column":14}},"loc":{"start":{"line":214,"column":59},"end":{"line":223,"column":3}}},"19":{"name":"(anonymous_19)","decl":{"start":{"line":226,"column":9},"end":{"line":226,"column":14}},"loc":{"start":{"line":226,"column":28},"end":{"line":234,"column":3}}}},"branchMap":{"0":{"loc":{"start":{"line":24,"column":38},"end":{"line":24,"column":59}},"type":"default-arg","locations":[{"start":{"line":24,"column":46},"end":{"line":24,"column":59}}]},"1":{"loc":{"start":{"line":36,"column":8},"end":{"line":36,"column":41}},"type":"if","locations":[{"start":{"line":36,"column":8},"end":{"line":36,"column":41}}]},"2":{"loc":{"start":{"line":39,"column":8},"end":{"line":41,"column":9}},"type":"if","locations":[{"start":{"line":39,"column":8},"end":{"line":41,"column":9}}]},"3":{"loc":{"start":{"line":51,"column":4},"end":{"line":54,"column":5}},"type":"if","locations":[{"start":{"line":51,"column":4},"end":{"line":54,"column":5}}]},"4":{"loc":{"start":{"line":55,"column":4},"end":{"line":57,"column":5}},"type":"if","locations":[{"start":{"line":55,"column":4},"end":{"line":57,"column":5}}]},"5":{"loc":{"start":{"line":84,"column":51},"end":{"line":84,"column":77}},"type":"default-arg","locations":[{"start":{"line":84,"column":69},"end":{"line":84,"column":77}}]}},"s":{"0":1,"1":1,"2":1,"3":1,"4":1,"5":7,"6":7,"7":21,"8":21,"9":21,"10":0,"11":21,"12":21,"13":7,"14":14,"15":14,"16":14,"17":0,"18":7,"19":7,"20":0,"21":0,"22":7,"23":0,"24":7,"25":6,"26":6,"27":6,"28":0,"29":1,"30":1,"31":1,"32":0,"33":0,"34":0,"35":0,"36":0,"37":0,"38":0,"39":0,"40":0,"41":0,"42":0,"43":0,"44":0,"45":0,"46":0,"47":0,"48":0,"49":0,"50":0,"51":0,"52":0,"53":0,"54":0,"55":0,"56":0,"57":0,"58":0,"59":0,"60":0,"61":0,"62":0,"63":0,"64":0,"65":0,"66":0,"67":0,"68":0,"69":0,"70":0,"71":0,"72":0,"73":0,"74":0,"75":0,"76":0,"77":0,"78":0,"79":0,"80":0,"81":0,"82":0,"83":0,"84":0,"85":0,"86":0,"87":0,"88":0,"89":1,"90":1},"f":{"0":1,"1":7,"2":14,"3":7,"4":6,"5":1,"6":0,"7":0,"8":0,"9":0,"10":0,"11":0,"12":0,"13":0,"14":0,"15":0,"16":0,"17":0,"18":0,"19":0},"b":{"0":[1],"1":[0],"2":[7],"3":[0],"4":[0],"5":[0]}}
,"/Users/heathernelson/dev/confluent-schema-registry-client/src/protobuf/index.ts": {"path":"/Users/heathernelson/dev/confluent-schema-registry-client/src/protobuf/index.ts","statementMap":{"0":{"start":{"line":1,"column":0},"end":{"line":1,"column":39}},"1":{"start":{"line":3,"column":0},"end":{"line":3,"column":41}},"2":{"start":{"line":9,"column":4},"end":{"line":9,"column":53}},"3":{"start":{"line":13,"column":19},"end":{"line":13,"column":78}},"4":{"start":{"line":14,"column":17},"end":{"line":14,"column":54}},"5":{"start":{"line":15,"column":24},"end":{"line":15,"column":52}},"6":{"start":{"line":16,"column":19},"end":{"line":16,"column":46}},"7":{"start":{"line":17,"column":9},"end":{"line":17,"column":41}},"8":{"start":{"line":17,"column":21},"end":{"line":17,"column":41}},"9":{"start":{"line":19,"column":20},"end":{"line":19,"column":47}},"10":{"start":{"line":20,"column":30},"end":{"line":20,"column":66}},"11":{"start":{"line":22,"column":4},"end":{"line":22,"column":61}},"12":{"start":{"line":26,"column":36},"end":{"line":26,"column":50}},"13":{"start":{"line":27,"column":19},"end":{"line":27,"column":76}},"14":{"start":{"line":28,"column":17},"end":{"line":28,"column":54}},"15":{"start":{"line":29,"column":24},"end":{"line":29,"column":52}},"16":{"start":{"line":31,"column":4},"end":{"line":31,"column":39}},"17":{"start":{"line":5,"column":0},"end":{"line":5,"column":13}},"18":{"start":{"line":35,"column":0},"end":{"line":35,"column":27}}},"fnMap":{"0":{"name":"(anonymous_6)","decl":{"start":{"line":8,"column":2},"end":{"line":8,"column":14}},"loc":{"start":{"line":8,"column":56},"end":{"line":10,"column":3}}},"1":{"name":"(anonymous_7)","decl":{"start":{"line":12,"column":9},"end":{"line":12,"column":14}},"loc":{"start":{"line":12,"column":61},"end":{"line":23,"column":3}}},"2":{"name":"(anonymous_8)","decl":{"start":{"line":25,"column":9},"end":{"line":25,"column":14}},"loc":{"start":{"line":25,"column":43},"end":{"line":32,"column":3}}}},"branchMap":{"0":{"loc":{"start":{"line":17,"column":9},"end":{"line":17,"column":41}},"type":"if","locations":[{"start":{"line":17,"column":9},"end":{"line":17,"column":41}}]}},"s":{"0":1,"1":1,"2":1,"3":0,"4":0,"5":0,"6":0,"7":0,"8":0,"9":0,"10":0,"11":0,"12":0,"13":0,"14":0,"15":0,"16":0,"17":1,"18":1},"f":{"0":1,"1":0,"2":0},"b":{"0":[0]}}
,"/Users/heathernelson/dev/confluent-schema-registry-client/src/wire/decode.ts": {"path":"/Users/heathernelson/dev/confluent-schema-registry-client/src/wire/decode.ts","statementMap":{"0":{"start":{"line":7,"column":0},"end":{"line":7,"column":16}},"1":{"start":{"line":8,"column":22},"end":{"line":8,"column":41}},"2":{"start":{"line":9,"column":23},"end":{"line":9,"column":45}},"3":{"start":{"line":10,"column":20},"end":{"line":10,"column":38}},"4":{"start":{"line":12,"column":4},"end":{"line":12,"column":46}},"5":{"start":{"line":15,"column":2},"end":{"line":15,"column":24}}},"fnMap":{"0":{"name":"decode","decl":{"start":{"line":7,"column":16},"end":{"line":7,"column":22}},"loc":{"start":{"line":7,"column":37},"end":{"line":13,"column":3}}}},"branchMap":{},"s":{"0":1,"1":0,"2":0,"3":0,"4":0,"5":1},"f":{"0":0},"b":{}}
,"/Users/heathernelson/dev/confluent-schema-registry-client/src/wire/encode.ts": {"path":"/Users/heathernelson/dev/confluent-schema-registry-client/src/wire/encode.ts","statementMap":{"0":{"start":{"line":10,"column":0},"end":{"line":10,"column":16}},"1":{"start":{"line":1,"column":19},"end":{"line":1,"column":34}},"2":{"start":{"line":11,"column":27},"end":{"line":11,"column":42}},"3":{"start":{"line":12,"column":2},"end":{"line":12,"column":48}},"4":{"start":{"line":14,"column":2},"end":{"line":14,"column":64}},"5":{"start":{"line":17,"column":0},"end":{"line":17,"column":22}}},"fnMap":{"0":{"name":"encode","decl":{"start":{"line":10,"column":16},"end":{"line":10,"column":22}},"loc":{"start":{"line":10,"column":58},"end":{"line":15,"column":1}}}},"branchMap":{},"s":{"0":1,"1":1,"2":0,"3":0,"4":0,"5":1},"f":{"0":0},"b":{}}
,"/Users/heathernelson/dev/confluent-schema-registry-client/src/wire/index.ts": {"path":"/Users/heathernelson/dev/confluent-schema-registry-client/src/wire/index.ts","statementMap":{"0":{"start":{"line":1,"column":0},"end":{"line":1,"column":24}},"1":{"start":{"line":2,"column":0},"end":{"line":2,"column":24}}},"fnMap":{},"branchMap":{},"s":{"0":1,"1":1},"f":{},"b":{}}
}
