TN:
SF:src/avro/index.ts
FN:15,(anonymous_6)
FN:24,(anonymous_7)
FN:36,(anonymous_8)
FNF:3
FNH:3
FNDA:4,(anonymous_6)
FNDA:2,(anonymous_7)
FNDA:2,(anonymous_8)
DA:1,1
DA:3,1
DA:8,1
DA:16,4
DA:25,2
DA:26,1
DA:27,1
DA:29,1
DA:37,2
DA:38,1
DA:39,1
DA:41,1
LF:12
LH:12
BRF:0
BRH:0
end_of_record
TN:
SF:src/client/index.ts
FN:37,(anonymous_0)
FN:50,(anonymous_1)
FN:74,(anonymous_2)
FN:80,(anonymous_3)
FN:99,(anonymous_4)
FN:123,(anonymous_5)
FN:145,(anonymous_6)
FN:159,(anonymous_7)
FN:174,(anonymous_8)
FN:188,(anonymous_9)
FN:211,(anonymous_10)
FN:225,(anonymous_11)
FN:239,(anonymous_12)
FN:260,(anonymous_13)
FN:274,(anonymous_14)
FN:295,(anonymous_15)
FNF:16
FNH:15
FNDA:1,(anonymous_0)
FNDA:33,(anonymous_1)
FNDA:44,(anonymous_2)
FNDA:33,(anonymous_3)
FNDA:3,(anonymous_4)
FNDA:3,(anonymous_5)
FNDA:3,(anonymous_6)
FNDA:0,(anonymous_7)
FNDA:3,(anonymous_8)
FNDA:3,(anonymous_9)
FNDA:3,(anonymous_10)
FNDA:3,(anonymous_11)
FNDA:3,(anonymous_12)
FNDA:3,(anonymous_13)
FNDA:3,(anonymous_14)
FNDA:3,(anonymous_15)
DA:15,3
DA:23,3
DA:38,1
DA:39,1
DA:40,1
DA:41,1
DA:51,33
DA:52,33
DA:53,77
DA:54,77
DA:55,44
DA:58,33
DA:59,33
DA:67,33
DA:69,66
DA:70,22
DA:73,44
DA:74,44
DA:76,0
DA:81,33
DA:82,33
DA:83,33
DA:84,33
DA:86,33
DA:87,33
DA:89,33
DA:100,3
DA:101,3
DA:109,3
DA:111,1
DA:112,0
DA:113,0
DA:116,1
DA:124,3
DA:125,3
DA:130,3
DA:132,1
DA:133,0
DA:134,0
DA:137,1
DA:146,3
DA:147,3
DA:151,3
DA:152,1
DA:160,0
DA:161,0
DA:165,0
DA:166,0
DA:175,3
DA:176,3
DA:180,3
DA:181,1
DA:189,3
DA:190,3
DA:194,3
DA:196,1
DA:197,0
DA:198,0
DA:212,3
DA:213,3
DA:218,3
DA:219,1
DA:226,3
DA:227,3
DA:231,3
DA:232,1
DA:240,3
DA:241,3
DA:246,3
DA:248,1
DA:249,0
DA:250,0
DA:261,3
DA:262,3
DA:266,3
DA:267,1
DA:275,3
DA:276,3
DA:282,3
DA:284,1
DA:285,0
DA:286,0
DA:296,3
DA:297,3
DA:301,3
DA:302,1
LF:86
LH:71
BRDA:37,0,0,1
BRDA:55,1,0,11
BRDA:69,2,0,22
BRDA:82,3,0,33
BRDA:86,4,0,33
BRDA:111,5,0,0
BRDA:132,6,0,0
BRDA:145,7,0,0
BRDA:196,8,0,0
BRDA:248,9,0,0
BRDA:284,10,0,0
BRF:11
BRH:5
end_of_record
TN:
SF:src/protobuf/index.ts
FN:15,(anonymous_0)
FN:26,(anonymous_1)
FN:45,(anonymous_2)
FNF:3
FNH:3
FNDA:4,(anonymous_0)
FNDA:2,(anonymous_1)
FNDA:2,(anonymous_2)
DA:1,1
DA:2,1
DA:8,1
DA:16,4
DA:27,2
DA:28,2
DA:29,2
DA:30,2
DA:31,2
DA:32,2
DA:34,1
DA:35,1
DA:37,1
DA:46,2
DA:47,1
DA:48,1
DA:49,1
DA:51,1
LF:18
LH:18
BRDA:32,0,0,1
BRF:1
BRH:1
end_of_record
TN:
SF:src/wire/decode.ts
FN:6,decode
FNF:1
FNH:1
FNDA:3,decode
DA:6,3
DA:11,3
DA:12,3
DA:13,2
DA:15,2
LF:5
LH:5
BRF:0
BRH:0
end_of_record
TN:
SF:src/wire/encode.ts
FN:9,encode
FNF:1
FNH:1
FNDA:2,encode
DA:1,3
DA:9,3
DA:10,2
DA:11,2
DA:13,2
LF:5
LH:5
BRF:0
BRH:0
end_of_record
TN:
SF:src/wire/index.ts
FNF:0
FNH:0
DA:1,3
DA:2,3
LF:2
LH:2
BRF:0
BRH:0
end_of_record
