TN:
SF:src/avro/index.ts
FN:8,(anonymous_6)
FN:12,(anonymous_7)
FN:20,(anonymous_8)
FNF:3
FNH:1
FNDA:1,(anonymous_6)
FNDA:0,(anonymous_7)
FNDA:0,(anonymous_8)
DA:1,1
DA:3,1
DA:5,1
DA:9,1
DA:13,0
DA:14,0
DA:15,0
DA:17,0
DA:21,0
DA:22,0
DA:23,0
DA:25,0
DA:29,1
LF:13
LH:5
BRF:0
BRH:0
end_of_record
TN:
SF:src/client/index.ts
FN:24,(anonymous_0)
FN:31,(anonymous_1)
FN:44,(anonymous_2)
FN:49,(anonymous_3)
FN:63,(anonymous_4)
FN:74,(anonymous_5)
FN:84,(anonymous_6)
FN:94,(anonymous_7)
FN:106,(anonymous_8)
FN:116,(anonymous_9)
FN:128,(anonymous_10)
FN:139,(anonymous_11)
FN:149,(anonymous_12)
FN:160,(anonymous_13)
FN:170,(anonymous_14)
FN:183,(anonymous_15)
FN:193,(anonymous_16)
FN:204,(anonymous_17)
FN:214,(anonymous_18)
FN:226,(anonymous_19)
FNF:20
FNH:6
FNDA:1,(anonymous_0)
FNDA:7,(anonymous_1)
FNDA:14,(anonymous_2)
FNDA:7,(anonymous_3)
FNDA:6,(anonymous_4)
FNDA:1,(anonymous_5)
FNDA:0,(anonymous_6)
FNDA:0,(anonymous_7)
FNDA:0,(anonymous_8)
FNDA:0,(anonymous_9)
FNDA:0,(anonymous_10)
FNDA:0,(anonymous_11)
FNDA:0,(anonymous_12)
FNDA:0,(anonymous_13)
FNDA:0,(anonymous_14)
FNDA:0,(anonymous_15)
FNDA:0,(anonymous_16)
FNDA:0,(anonymous_17)
FNDA:0,(anonymous_18)
FNDA:0,(anonymous_19)
DA:13,1
DA:18,1
DA:25,1
DA:26,1
DA:27,1
DA:28,1
DA:32,7
DA:33,7
DA:34,21
DA:35,21
DA:36,21
DA:37,21
DA:39,21
DA:40,7
DA:43,14
DA:44,14
DA:46,0
DA:50,7
DA:51,7
DA:52,0
DA:53,0
DA:55,7
DA:56,0
DA:58,7
DA:64,6
DA:65,6
DA:70,6
DA:71,0
DA:75,1
DA:76,1
DA:80,1
DA:81,0
DA:85,0
DA:86,0
DA:90,0
DA:91,0
DA:95,0
DA:96,0
DA:100,0
DA:101,0
DA:107,0
DA:108,0
DA:112,0
DA:113,0
DA:117,0
DA:118,0
DA:122,0
DA:123,0
DA:129,0
DA:130,0
DA:135,0
DA:136,0
DA:140,0
DA:141,0
DA:145,0
DA:146,0
DA:150,0
DA:151,0
DA:156,0
DA:157,0
DA:161,0
DA:162,0
DA:166,0
DA:167,0
DA:171,0
DA:172,0
DA:177,0
DA:178,0
DA:184,0
DA:185,0
DA:189,0
DA:190,0
DA:194,0
DA:195,0
DA:200,0
DA:201,0
DA:205,0
DA:206,0
DA:210,0
DA:211,0
DA:215,0
DA:216,0
DA:221,0
DA:222,0
DA:227,0
DA:228,0
DA:232,0
DA:233,0
DA:237,1
LF:89
LH:27
BRDA:24,0,0,1
BRDA:36,1,0,0
BRDA:39,2,0,7
BRDA:51,3,0,0
BRDA:55,4,0,0
BRDA:84,5,0,0
BRF:6
BRH:2
end_of_record
TN:
SF:src/protobuf/index.ts
FN:8,(anonymous_6)
FN:12,(anonymous_7)
FN:25,(anonymous_8)
FNF:3
FNH:1
FNDA:1,(anonymous_6)
FNDA:0,(anonymous_7)
FNDA:0,(anonymous_8)
DA:1,1
DA:3,1
DA:5,1
DA:9,1
DA:13,0
DA:14,0
DA:15,0
DA:16,0
DA:17,0
DA:19,0
DA:20,0
DA:22,0
DA:26,0
DA:27,0
DA:28,0
DA:29,0
DA:31,0
DA:35,1
LF:18
LH:5
BRDA:17,0,0,0
BRF:1
BRH:0
end_of_record
TN:
SF:src/wire/decode.ts
FN:7,decode
FNF:1
FNH:0
FNDA:0,decode
DA:7,1
DA:8,0
DA:9,0
DA:10,0
DA:12,0
DA:15,1
LF:6
LH:2
BRF:0
BRH:0
end_of_record
TN:
SF:src/wire/encode.ts
FN:10,encode
FNF:1
FNH:0
FNDA:0,encode
DA:1,1
DA:10,1
DA:11,0
DA:12,0
DA:14,0
DA:17,1
LF:6
LH:3
BRF:0
BRH:0
end_of_record
TN:
SF:src/wire/index.ts
FNF:0
FNH:0
DA:1,1
DA:2,1
LF:2
LH:2
BRF:0
BRH:0
end_of_record
